Flutter crash report; please file at https://github.com/flutter/flutter/issues.

## command

flutter run --verbose

## exception

ProcessException: ProcessException: Process "/usr/bin/xcrun" exited abnormally:
An error was encountered processing the command (domain=IXUserPresentableErrorDomain, code=1):
This app could not be installed at this time.
Failed to load Info.plist from bundle at path /Users/macresidente/Library/Developer/CoreSimulator/Devices/ABB529CF-78DC-4DB7-B682-AA04381B74B0/data/Library/Caches/com.apple.mobile.installd.staging/temp.mrQtym/extracted/Payload/Runner.app
Failed to load Info.plist from bundle at path /Users/macresidente/Library/Developer/CoreSimulator/Devices/ABB529CF-78DC-4DB7-B682-AA04381B74B0/data/Library/Caches/com.apple.mobile.installd.staging/temp.mrQtym/extracted/Payload/Runner.app
Underlying error (domain=MIInstallerErrorDomain, code=35):
	Failed to load Info.plist from bundle at path /Users/macresidente/Library/Developer/CoreSimulator/Devices/ABB529CF-78DC-4DB7-B682-AA04381B74B0/data/Library/Caches/com.apple.mobile.installd.staging/temp.mrQtym/extracted/Payload/Runner.app
  Command: /usr/bin/xcrun simctl install ABB529CF-78DC-4DB7-B682-AA04381B74B0 /Users/macresidente/DEV/teste8/release/resident/build/ios/iphonesimulator/Runner.app

```
#0      runCheckedAsync (package:flutter_tools/src/base/process.dart:251:5)
<asynchronous suspension>
#1      SimControl.install (package:flutter_tools/src/ios/simulators.dart:125:16)
#2      IOSSimulator._setupUpdatedApplicationBundle (package:flutter_tools/src/ios/simulators.dart:396:31)
<asynchronous suspension>
#3      IOSSimulator.startApp (package:flutter_tools/src/ios/simulators.dart:308:15)
<asynchronous suspension>
#4      FlutterDevice.runHot (package:flutter_tools/src/resident_runner.dart:289:54)
#5      _asyncThenWrapperHelper.<anonymous closure> (dart:async/runtime/libasync_patch.dart:77:64)
#6      _rootRunUnary (dart:async/zone.dart:1132:38)
#7      _CustomZone.runUnary (dart:async/zone.dart:1029:19)
#8      _FutureListener.handleValue (dart:async/future_impl.dart:126:18)
#9      Future._propagateToListeners.handleValueCallback (dart:async/future_impl.dart:639:45)
#10     Future._propagateToListeners (dart:async/future_impl.dart:668:32)
#11     Future._complete (dart:async/future_impl.dart:473:7)
#12     _SyncCompleter.complete (dart:async/future_impl.dart:51:12)
#13     _AsyncAwaitCompleter.complete (dart:async/runtime/libasync_patch.dart:28:18)
#14     _completeOnAsyncReturn (dart:async/runtime/libasync_patch.dart:294:13)
#15     getApplicationPackageForPlatform (package:flutter_tools/src/application_package.dart)
#16     _asyncThenWrapperHelper.<anonymous closure> (dart:async/runtime/libasync_patch.dart:77:64)
#17     _rootRunUnary (dart:async/zone.dart:1132:38)
#18     _CustomZone.runUnary (dart:async/zone.dart:1029:19)
#19     _FutureListener.handleValue (dart:async/future_impl.dart:126:18)
#20     Future._propagateToListeners.handleValueCallback (dart:async/future_impl.dart:639:45)
#21     Future._propagateToListeners (dart:async/future_impl.dart:668:32)
#22     Future._complete (dart:async/future_impl.dart:473:7)
#23     _SyncCompleter.complete (dart:async/future_impl.dart:51:12)
#24     _AsyncAwaitCompleter.complete (dart:async/runtime/libasync_patch.dart:28:18)
#25     _completeOnAsyncReturn (dart:async/runtime/libasync_patch.dart:294:13)
#26     FlutterProject.fromDirectory (package:flutter_tools/src/project.dart)
#27     _asyncThenWrapperHelper.<anonymous closure> (dart:async/runtime/libasync_patch.dart:77:64)
#28     _rootRunUnary (dart:async/zone.dart:1132:38)
#29     _CustomZone.runUnary (dart:async/zone.dart:1029:19)
#30     _FutureListener.handleValue (dart:async/future_impl.dart:126:18)
#31     Future._propagateToListeners.handleValueCallback (dart:async/future_impl.dart:639:45)
#32     Future._propagateToListeners (dart:async/future_impl.dart:668:32)
#33     Future._complete (dart:async/future_impl.dart:473:7)
#34     _SyncCompleter.complete (dart:async/future_impl.dart:51:12)
#35     _AsyncAwaitCompleter.complete (dart:async/runtime/libasync_patch.dart:28:18)
#36     _completeOnAsyncReturn (dart:async/runtime/libasync_patch.dart:294:13)
#37     FlutterProject._readManifest (package:flutter_tools/src/project.dart)
#38     _asyncThenWrapperHelper.<anonymous closure> (dart:async/runtime/libasync_patch.dart:77:64)
#39     _rootRunUnary (dart:async/zone.dart:1132:38)
#40     _CustomZone.runUnary (dart:async/zone.dart:1029:19)
#41     _FutureListener.handleValue (dart:async/future_impl.dart:126:18)
#42     Future._propagateToListeners.handleValueCallback (dart:async/future_impl.dart:639:45)
#43     Future._propagateToListeners (dart:async/future_impl.dart:668:32)
#44     Future._complete (dart:async/future_impl.dart:473:7)
#45     _SyncCompleter.complete (dart:async/future_impl.dart:51:12)
#46     _rootRunUnary (dart:async/zone.dart:1132:38)
#47     _CustomZone.runUnary (dart:async/zone.dart:1029:19)
#48     _FutureListener.handleValue (dart:async/future_impl.dart:126:18)
#49     Future._propagateToListeners.handleValueCallback (dart:async/future_impl.dart:639:45)
#50     Future._propagateToListeners (dart:async/future_impl.dart:668:32)
#51     Future._complete (dart:async/future_impl.dart:473:7)
#52     _SyncCompleter.complete (dart:async/future_impl.dart:51:12)
#53     _AsyncAwaitCompleter.complete.<anonymous closure> (dart:async/runtime/libasync_patch.dart:33:20)
#54     _rootRun (dart:async/zone.dart:1124:13)
#55     _CustomZone.run (dart:async/zone.dart:1021:19)
#56     _CustomZone.bindCallback.<anonymous closure> (dart:async/zone.dart:947:23)
#57     _microtaskLoop (dart:async/schedule_microtask.dart:41:21)
#58     _startMicrotaskLoop (dart:async/schedule_microtask.dart:50:5)
#59     _runPendingImmediateCallback (dart:isolate/runtime/libisolate_patch.dart:115:13)
#60     _RawReceivePortImpl._handleMessage (dart:isolate/runtime/libisolate_patch.dart:172:5)
```

## flutter doctor

```
[32m[✓][39m Flutter (Channel master, v1.1.5-pre.33, on Mac OS X 10.14.1 18B75, locale
    pt-BR)
    [32m•[39m Flutter version 1.1.5-pre.33 at /Users/macresidente/DEV/flutter
    [32m•[39m Framework revision 63b2daff7f (33 hours ago), 2018-12-28 10:43:06 -0800
    [32m•[39m Engine revision f0a1d6f91d
    [32m•[39m Dart version 2.1.1 (build 2.1.1-dev.0.1 d1817ddc91)

[32m[✓][39m Android toolchain - develop for Android devices (Android SDK version 28.0.3)
    [32m•[39m Android SDK at /Users/macresidente/Library/Android/sdk
    [32m•[39m Android NDK location not configured (optional; useful for native profiling
      support)
    [32m•[39m Platform android-28, build-tools 28.0.3
    [32m•[39m Java binary at: /Applications/Android
      Studio.app/Contents/jre/jdk/Contents/Home/bin/java
    [32m•[39m Java version OpenJDK Runtime Environment (build
      1.8.0_152-release-1136-b06)
    [32m•[39m All Android licenses accepted.

[32m[✓][39m iOS toolchain - develop for iOS devices (Xcode 10.1)
    [32m•[39m Xcode at /Applications/Xcode.app/Contents/Developer
    [32m•[39m Xcode 10.1, Build version 10B61
    [32m•[39m ios-deploy 1.9.4
    [32m•[39m CocoaPods version 1.6.0.beta.2

[32m[✓][39m Android Studio (version 3.2)
    [32m•[39m Android Studio at /Applications/Android Studio.app/Contents
    [32m•[39m Flutter plugin version 30.0.1
    [32m•[39m Dart plugin version 181.5656
    [32m•[39m Java version OpenJDK Runtime Environment (build
      1.8.0_152-release-1136-b06)

[32m[✓][39m VS Code (version 1.30.1)
    [32m•[39m VS Code at /Applications/Visual Studio Code.app/Contents
    [32m•[39m Flutter extension version 2.21.1

[32m[✓][39m Connected device (1 available)
    [32m•[39m iPhone XR • ABB529CF-78DC-4DB7-B682-AA04381B74B0 • ios • iOS 12.1
      (simulator)

[32m•[39m No issues found!
```
